04.12.2023:
- создан класс DBConnection
- создан класс DBConfig
- создан класс Reader
- создан класс YAMLReader

06.12.2023:
- добавлен файл checklog.log в репо
- в классе Commands в методе toString() заменен символ перехода на новую строку (\n) на пробел
- в абстрактный класс Animal добавлены поля id, type
- в абстрактный класс Animal добавлены геттеры и сеттеры
- в абстрактный класс Animal добавлен метод removeCommand
- в классы Pet и PackAnimal добавлены наследуемые от родительского класса конструкторы
- в класс DBConnection добавлен конструктор, принимающий объект класса DBConfig
- создан класс DBWriter
- создан класс DBReader

08.12.2023:
- добавлен метод read в класс DBReader
- добавлен метод write в класс DBWriter
- удалены классы Pet, PackAnimal
- добавлен конструктор Commands(String commandLine) в класс Commands
- добавлены методы get(), add(), remove() в класс Commands
- обновлен абстрактный класс Animal
- добавлены классы животных: Camel, Cat, Dog, Donkey, Hamster, Horse

10.12.2023:
- удалены классы DBReader, DBWriter
- добавлен класс DBQuery
- обновлены сеттеры и геттеры, добавлен конструктор в абстрактном классе Animal

16.12.2023 - релиз версии 0.1.0:
- реализованы все требования ТЗ
- реализован паттерн MVP: добавлен консольный интерфейс, добавлен презентер
- добавлена возможность выбора сортировки при просмотре всех животных
- реализована функциональность для добавления новых животных в реестр
- добавлена возможность обучать животных новым командам
- удалены классы Camel, Cat, Dog, Donkey, Hamster, Horse
- класс Animal теперь не абстрактный
- обновлены методы класса DBQuery, оставлены только используемые
- доработана обработка исключений
- доработана обработка данных при вводе в консоль (класс Input)
- обновлен конструктор класса Animal